[debug] [2023-09-18T13:32:27.555Z] ----------------------------------------------------------------------
[debug] [2023-09-18T13:32:27.556Z] Command:       C:\Program Files\nodejs\node.exe C:\Users\saron\AppData\Roaming\npm\node_modules\firebase-tools\lib\bin\firebase.js emulators:start
[debug] [2023-09-18T13:32:27.557Z] CLI Version:   12.5.3
[debug] [2023-09-18T13:32:27.557Z] Platform:      win32
[debug] [2023-09-18T13:32:27.557Z] Node Version:  v18.17.1
[debug] [2023-09-18T13:32:27.558Z] Time:          Mon Sep 18 2023 16:32:27 GMT+0300 (East Africa Time)
[debug] [2023-09-18T13:32:27.558Z] ----------------------------------------------------------------------
[debug] 
[debug] [2023-09-18T13:32:27.675Z] > command requires scopes: ["email","openid","https://www.googleapis.com/auth/cloudplatformprojects.readonly","https://www.googleapis.com/auth/firebase","https://www.googleapis.com/auth/cloud-platform"]
[debug] [2023-09-18T13:32:27.676Z] > authorizing via signed-in user (saronmeles4@gmail.com)
[info] i  emulators: Starting emulators: functions, hosting {"metadata":{"emulator":{"name":"hub"},"message":"Starting emulators: functions, hosting"}}
[debug] [2023-09-18T13:32:27.687Z] [logging] Logging Emulator only supports listening on one address (127.0.0.1). Not listening on ::1
[debug] [2023-09-18T13:32:27.687Z] [hosting] Hosting Emulator only supports listening on one address (127.0.0.1). Not listening on ::1
[debug] [2023-09-18T13:32:27.687Z] assigned listening specs for emulators {"user":{"hub":[{"address":"127.0.0.1","family":"IPv4","port":4400},{"address":"::1","family":"IPv6","port":4400}],"ui":[{"address":"127.0.0.1","family":"IPv4","port":4000},{"address":"::1","family":"IPv6","port":4000}],"logging":[{"address":"127.0.0.1","family":"IPv4","port":4500}],"hosting":[{"address":"127.0.0.1","family":"IPv4","port":5000}]},"metadata":{"message":"assigned listening specs for emulators"}}
[debug] [2023-09-18T13:32:27.702Z] [hub] writing locator at C:\Users\saron\AppData\Local\Temp\hub-clone-e4159.json
[debug] [2023-09-18T13:32:27.720Z] [functions] Functions Emulator only supports listening on one address (127.0.0.1). Not listening on ::1
[debug] [2023-09-18T13:32:27.720Z] [eventarc] Eventarc Emulator only supports listening on one address (127.0.0.1). Not listening on ::1
[debug] [2023-09-18T13:32:27.720Z] late-assigned ports for functions and eventarc emulators {"user":{"hub":[{"address":"127.0.0.1","family":"IPv4","port":4400},{"address":"::1","family":"IPv6","port":4400}],"ui":[{"address":"127.0.0.1","family":"IPv4","port":4000},{"address":"::1","family":"IPv6","port":4000}],"logging":[{"address":"127.0.0.1","family":"IPv4","port":4500}],"hosting":[{"address":"127.0.0.1","family":"IPv4","port":5000}],"functions":[{"address":"127.0.0.1","family":"IPv4","port":5001}],"eventarc":[{"address":"127.0.0.1","family":"IPv4","port":9299}]},"metadata":{"message":"late-assigned ports for functions and eventarc emulators"}}
[warn] !  functions: The following emulators are not running, calls to these services from the Functions emulator will affect production: auth, firestore, database, pubsub, storage {"metadata":{"emulator":{"name":"functions"},"message":"The following emulators are not running, calls to these services from the Functions emulator will affect production: \u001b[1mauth, firestore, database, pubsub, storage\u001b[22m"}}
[debug] [2023-09-18T13:32:27.724Z] defaultcredentials: writing to file C:\Users\saron\AppData\Roaming\firebase\saronmeles4_gmail_com_application_default_credentials.json
[debug] [2023-09-18T13:32:27.726Z] Setting GAC to C:\Users\saron\AppData\Roaming\firebase\saronmeles4_gmail_com_application_default_credentials.json {"metadata":{"emulator":{"name":"functions"},"message":"Setting GAC to C:\\Users\\saron\\AppData\\Roaming\\firebase\\saronmeles4_gmail_com_application_default_credentials.json"}}
[debug] [2023-09-18T13:32:27.727Z] > refreshing access token with scopes: []
[debug] [2023-09-18T13:32:27.728Z] >>> [apiv2][query] POST https://www.googleapis.com/oauth2/v3/token [none]
[debug] [2023-09-18T13:32:27.728Z] >>> [apiv2][body] POST https://www.googleapis.com/oauth2/v3/token [omitted]
[debug] [2023-09-18T13:32:28.205Z] <<< [apiv2][status] POST https://www.googleapis.com/oauth2/v3/token 200
[debug] [2023-09-18T13:32:28.205Z] <<< [apiv2][body] POST https://www.googleapis.com/oauth2/v3/token [omitted]
[debug] [2023-09-18T13:32:28.214Z] >>> [apiv2][query] GET https://firebase.googleapis.com/v1beta1/projects/clone-e4159/adminSdkConfig [none]
[debug] [2023-09-18T13:32:28.930Z] <<< [apiv2][status] GET https://firebase.googleapis.com/v1beta1/projects/clone-e4159/adminSdkConfig 200
[debug] [2023-09-18T13:32:28.930Z] <<< [apiv2][body] GET https://firebase.googleapis.com/v1beta1/projects/clone-e4159/adminSdkConfig {"projectId":"clone-e4159","storageBucket":"clone-e4159.appspot.com"}
[debug] [2023-09-18T13:32:28.953Z] >>> [apiv2][query] GET https://firebasehosting.googleapis.com/v1beta1/projects/clone-e4159/sites 
[debug] [2023-09-18T13:32:30.280Z] <<< [apiv2][status] GET https://firebasehosting.googleapis.com/v1beta1/projects/clone-e4159/sites 200
[debug] [2023-09-18T13:32:30.280Z] <<< [apiv2][body] GET https://firebasehosting.googleapis.com/v1beta1/projects/clone-e4159/sites {"sites":[{"name":"projects/clone-e4159/sites/clone-e4159","defaultUrl":"https://clone-e4159.web.app","appId":"1:292386258542:web:518283b32d9b596b07b07f","type":"DEFAULT_SITE"}]}
[debug] [2023-09-18T13:32:30.281Z] >>> [apiv2][query] GET https://firebase.googleapis.com/v1beta1/projects/clone-e4159/webApps/1:292386258542:web:518283b32d9b596b07b07f/config [none]
[debug] [2023-09-18T13:32:30.820Z] [work-queue] {"queuedWork":["/clone-e4159/us-central1/api/payments/create-2023-09-18T13:32:30.820Z"],"queueLength":1,"runningWork":[],"workRunningCount":0}
[debug] [2023-09-18T13:32:30.822Z] [work-queue] {"queuedWork":[],"queueLength":0,"runningWork":["/clone-e4159/us-central1/api/payments/create-2023-09-18T13:32:30.820Z"],"workRunningCount":1}
[debug] [2023-09-18T13:32:30.824Z] [work-queue] {"queuedWork":[],"queueLength":0,"runningWork":[],"workRunningCount":0}
[debug] [2023-09-18T13:32:31.323Z] <<< [apiv2][status] GET https://firebase.googleapis.com/v1beta1/projects/clone-e4159/webApps/1:292386258542:web:518283b32d9b596b07b07f/config 200
[debug] [2023-09-18T13:32:31.323Z] <<< [apiv2][body] GET https://firebase.googleapis.com/v1beta1/projects/clone-e4159/webApps/1:292386258542:web:518283b32d9b596b07b07f/config {"projectId":"clone-e4159","appId":"1:292386258542:web:518283b32d9b596b07b07f","storageBucket":"clone-e4159.appspot.com","apiKey":"AIzaSyAWTY_YSbqS_HqIMPQpAV5k8AMKRTai2CM","authDomain":"clone-e4159.firebaseapp.com","messagingSenderId":"292386258542","measurementId":"G-JE9KY2W82Y"}
[debug] [2023-09-18T13:32:31.339Z] >>> [apiv2][query] GET https://firebase.googleapis.com/v1beta1/projects/clone-e4159 [none]
[debug] [2023-09-18T13:32:31.942Z] <<< [apiv2][status] GET https://firebase.googleapis.com/v1beta1/projects/clone-e4159 200
[debug] [2023-09-18T13:32:31.942Z] <<< [apiv2][body] GET https://firebase.googleapis.com/v1beta1/projects/clone-e4159 {"projectId":"clone-e4159","projectNumber":"292386258542","displayName":"Amazon-Clone","name":"projects/clone-e4159","resources":{"hostingSite":"clone-e4159"},"state":"ACTIVE","etag":"1_c30b0a38-9cc0-47b9-a9ee-2e0b62230a7b"}
[info] i  hosting[clone-e4159]: Serving hosting files from: build {"metadata":{"emulator":{"name":"hosting"},"message":"Serving hosting files from: \u001b[1mbuild\u001b[22m"}}
[info] +  hosting[clone-e4159]: Local server: http://127.0.0.1:5000 {"metadata":{"emulator":{"name":"hosting"},"message":"Local server: \u001b[4m\u001b[1mhttp://127.0.0.1:5000\u001b[22m\u001b[24m"}}
[debug] [2023-09-18T13:32:31.979Z] Ignoring unsupported arg: auto_download {"metadata":{"emulator":{"name":"ui"},"message":"Ignoring unsupported arg: auto_download"}}
[debug] [2023-09-18T13:32:31.979Z] Ignoring unsupported arg: port {"metadata":{"emulator":{"name":"ui"},"message":"Ignoring unsupported arg: port"}}
[debug] [2023-09-18T13:32:31.979Z] Starting Emulator UI with command {"binary":"node","args":["C:\\Users\\saron\\.cache\\firebase\\emulators\\ui-v1.11.7\\server\\server.js"],"optionalArgs":[],"joinArgs":false} {"metadata":{"emulator":{"name":"ui"},"message":"Starting Emulator UI with command {\"binary\":\"node\",\"args\":[\"C:\\\\Users\\\\saron\\\\.cache\\\\firebase\\\\emulators\\\\ui-v1.11.7\\\\server\\\\server.js\"],\"optionalArgs\":[],\"joinArgs\":false}"}}
[info] i  ui: Emulator UI logging to ui-debug.log {"metadata":{"emulator":{"name":"ui"},"message":"Emulator UI logging to \u001b[1mui-debug.log\u001b[22m"}}
[debug] [2023-09-18T13:32:32.121Z] Web / API server started at 127.0.0.1:4000
 {"metadata":{"emulator":{"name":"ui"},"message":"Web / API server started at 127.0.0.1:4000\n"}}
[debug] [2023-09-18T13:32:32.122Z] Web / API server started at ::1:4000
 {"metadata":{"emulator":{"name":"ui"},"message":"Web / API server started at ::1:4000\n"}}
[info] i  functions: Watching "C:\Users\saron\OneDrive\Desktop\Evangadi\Evangadi_Full Stack Web Dev\Project_Phase\amazon\functions" for Cloud Functions... {"metadata":{"emulator":{"name":"functions"},"message":"Watching \"C:\\Users\\saron\\OneDrive\\Desktop\\Evangadi\\Evangadi_Full Stack Web Dev\\Project_Phase\\amazon\\functions\" for Cloud Functions..."}}
[debug] [2023-09-18T13:32:32.256Z] Validating nodejs source
[debug] [2023-09-18T13:32:34.114Z] > [functions] package.json contents: {
  "name": "functions",
  "description": "Cloud Functions for Firebase",
  "scripts": {
    "lint": "eslint .",
    "serve": "firebase emulators:start --only functions",
    "shell": "firebase functions:shell",
    "start": "npm run shell",
    "deploy": "firebase deploy --only functions",
    "logs": "firebase functions:log"
  },
  "engines": {
    "node": "18"
  },
  "main": "index.js",
  "dependencies": {
    "cors": "^2.8.5",
    "express": "^4.18.2",
    "firebase-admin": "^11.8.0",
    "firebase-functions": "^4.3.1",
    "stripe": "^13.5.0"
  },
  "devDependencies": {
    "eslint": "^8.15.0",
    "eslint-config-google": "^0.14.0",
    "firebase-functions-test": "^3.1.0"
  },
  "private": true
}
[debug] [2023-09-18T13:32:34.114Z] Building nodejs source
[debug] [2023-09-18T13:32:34.115Z] Failed to find version of module node: reached end of search path C:\Users\saron\OneDrive\Desktop\Evangadi\Evangadi_Full Stack Web Dev\Project_Phase\amazon\functions\node_modules
[info] +  functions: Using node@18 from host. 
[debug] [2023-09-18T13:32:34.118Z] Could not find functions.yaml. Must use http discovery
[debug] [2023-09-18T13:32:34.125Z] Found firebase-functions binary at 'C:\Users\saron\OneDrive\Desktop\Evangadi\Evangadi_Full Stack Web Dev\Project_Phase\amazon\functions\node_modules\.bin\firebase-functions'
[info] Serving at port 8533

[debug] [2023-09-18T13:32:35.191Z] Got response from /__/functions.yaml {"endpoints":{"api":{"platform":"gcfv1","availableMemoryMb":null,"timeoutSeconds":null,"minInstances":null,"maxInstances":null,"ingressSettings":null,"serviceAccountEmail":null,"vpc":null,"httpsTrigger":{},"entryPoint":"api"}},"specVersion":"v1alpha1","requiredAPIs":[]}
[info] shutdown requested via /__/quitquitquit

[info] +  functions: Loaded functions definitions from source: api. {"metadata":{"emulator":{"name":"functions"},"message":"Loaded functions definitions from source: api."}}
[info] +  functions[us-central1-api]: http function initialized (http://127.0.0.1:5001/clone-e4159/us-central1/api). {"metadata":{"emulator":{"name":"functions"},"message":"\u001b[1mhttp\u001b[22m function initialized (http://127.0.0.1:5001/clone-e4159/us-central1/api)."}}
[info] 
┌─────────────────────────────────────────────────────────────┐
│ ✔  All emulators ready! It is now safe to connect your app. │
│ i  View Emulator UI at http://127.0.0.1:4000/               │
└─────────────────────────────────────────────────────────────┘

┌───────────┬────────────────┬─────────────────────────────────┐
│ Emulator  │ Host:Port      │ View in Emulator UI             │
├───────────┼────────────────┼─────────────────────────────────┤
│ Functions │ 127.0.0.1:5001 │ http://127.0.0.1:4000/functions │
├───────────┼────────────────┼─────────────────────────────────┤
│ Hosting   │ 127.0.0.1:5000 │ n/a                             │
└───────────┴────────────────┴─────────────────────────────────┘
  Emulator Hub running at 127.0.0.1:4400
  Other reserved ports: 4500

Issues? Report them at https://github.com/firebase/firebase-tools/issues and attach the *-debug.log files.
 
[debug] [2023-09-18T13:33:08.420Z] [work-queue] {"queuedWork":["/clone-e4159/us-central1/api/payments/create-2023-09-18T13:33:08.420Z"],"queueLength":1,"runningWork":[],"workRunningCount":0}
[debug] [2023-09-18T13:33:08.421Z] [work-queue] {"queuedWork":[],"queueLength":0,"runningWork":["/clone-e4159/us-central1/api/payments/create-2023-09-18T13:33:08.420Z"],"workRunningCount":1}
[debug] [2023-09-18T13:33:08.421Z] Accepted request POST /clone-e4159/us-central1/api/payments/create?total=6000 --> us-central1-api
[debug] [2023-09-18T13:33:08.427Z] [functions] Runtime ready! Sending request! {"metadata":{"emulator":{"name":"functions"},"message":"[functions] Runtime ready! Sending request!"}}
[debug] [2023-09-18T13:33:08.428Z] [functions] Got req.url=/clone-e4159/us-central1/api/payments/create?total=6000, mapping to path=/payments/create?total=6000 {"metadata":{"emulator":{"name":"functions"},"message":"[functions] Got req.url=/clone-e4159/us-central1/api/payments/create?total=6000, mapping to path=/payments/create?total=6000"}}
[debug] [2023-09-18T13:33:08.470Z] [worker-pool] addWorker(us-central1-api) {"metadata":{"emulator":{"name":"functions"},"message":"[worker-pool] addWorker(us-central1-api)"}}
[debug] [2023-09-18T13:33:08.472Z] [worker-pool] Adding worker with key us-central1-api, total=1 {"metadata":{"emulator":{"name":"functions"},"message":"[worker-pool] Adding worker with key us-central1-api, total=1"}}
[debug] [2023-09-18T13:33:09.532Z] [runtime-status] [19884] Resolved module firebase-admin {"declared":true,"installed":true,"version":"11.10.1","resolution":"C:\\Users\\saron\\OneDrive\\Desktop\\Evangadi\\Evangadi_Full Stack Web Dev\\Project_Phase\\amazon\\functions\\node_modules\\firebase-admin\\lib\\index.js"} {"metadata":{"emulator":{"name":"functions"},"function":{"name":"us-central1-api"},"extension":{},"message":"[runtime-status] [19884] Resolved module firebase-admin {\"declared\":true,\"installed\":true,\"version\":\"11.10.1\",\"resolution\":\"C:\\\\Users\\\\saron\\\\OneDrive\\\\Desktop\\\\Evangadi\\\\Evangadi_Full Stack Web Dev\\\\Project_Phase\\\\amazon\\\\functions\\\\node_modules\\\\firebase-admin\\\\lib\\\\index.js\"}"}}
[debug] [2023-09-18T13:33:09.533Z] [runtime-status] [19884] Resolved module firebase-functions {"declared":true,"installed":true,"version":"4.4.1","resolution":"C:\\Users\\saron\\OneDrive\\Desktop\\Evangadi\\Evangadi_Full Stack Web Dev\\Project_Phase\\amazon\\functions\\node_modules\\firebase-functions\\lib\\v1\\index.js"} {"metadata":{"emulator":{"name":"functions"},"function":{"name":"us-central1-api"},"extension":{},"message":"[runtime-status] [19884] Resolved module firebase-functions {\"declared\":true,\"installed\":true,\"version\":\"4.4.1\",\"resolution\":\"C:\\\\Users\\\\saron\\\\OneDrive\\\\Desktop\\\\Evangadi\\\\Evangadi_Full Stack Web Dev\\\\Project_Phase\\\\amazon\\\\functions\\\\node_modules\\\\firebase-functions\\\\lib\\\\v1\\\\index.js\"}"}}
[debug] [2023-09-18T13:33:09.534Z] [runtime-status] [19884] Outgoing network have been stubbed. [{"name":"http","status":"mocked"},{"name":"http","status":"mocked"},{"name":"https","status":"mocked"},{"name":"https","status":"mocked"},{"name":"net","status":"mocked"}] {"metadata":{"emulator":{"name":"functions"},"function":{"name":"us-central1-api"},"extension":{},"message":"[runtime-status] [19884] Outgoing network have been stubbed. [{\"name\":\"http\",\"status\":\"mocked\"},{\"name\":\"http\",\"status\":\"mocked\"},{\"name\":\"https\",\"status\":\"mocked\"},{\"name\":\"https\",\"status\":\"mocked\"},{\"name\":\"net\",\"status\":\"mocked\"}]"}}
[debug] [2023-09-18T13:33:09.534Z] [runtime-status] [19884] Resolved module firebase-functions {"declared":true,"installed":true,"version":"4.4.1","resolution":"C:\\Users\\saron\\OneDrive\\Desktop\\Evangadi\\Evangadi_Full Stack Web Dev\\Project_Phase\\amazon\\functions\\node_modules\\firebase-functions\\lib\\v1\\index.js"} {"metadata":{"emulator":{"name":"functions"},"function":{"name":"us-central1-api"},"extension":{},"message":"[runtime-status] [19884] Resolved module firebase-functions {\"declared\":true,\"installed\":true,\"version\":\"4.4.1\",\"resolution\":\"C:\\\\Users\\\\saron\\\\OneDrive\\\\Desktop\\\\Evangadi\\\\Evangadi_Full Stack Web Dev\\\\Project_Phase\\\\amazon\\\\functions\\\\node_modules\\\\firebase-functions\\\\lib\\\\v1\\\\index.js\"}"}}
[debug] [2023-09-18T13:33:09.751Z] [runtime-status] [19884] Checked functions.config() {"config":{}} {"metadata":{"emulator":{"name":"functions"},"function":{"name":"us-central1-api"},"extension":{},"message":"[runtime-status] [19884] Checked functions.config() {\"config\":{}}"}}
[debug] [2023-09-18T13:33:09.752Z] [runtime-status] [19884] firebase-functions has been stubbed. {"functionsResolution":{"declared":true,"installed":true,"version":"4.4.1","resolution":"C:\\Users\\saron\\OneDrive\\Desktop\\Evangadi\\Evangadi_Full Stack Web Dev\\Project_Phase\\amazon\\functions\\node_modules\\firebase-functions\\lib\\v1\\index.js"}} {"metadata":{"emulator":{"name":"functions"},"function":{"name":"us-central1-api"},"extension":{},"message":"[runtime-status] [19884] firebase-functions has been stubbed. {\"functionsResolution\":{\"declared\":true,\"installed\":true,\"version\":\"4.4.1\",\"resolution\":\"C:\\\\Users\\\\saron\\\\OneDrive\\\\Desktop\\\\Evangadi\\\\Evangadi_Full Stack Web Dev\\\\Project_Phase\\\\amazon\\\\functions\\\\node_modules\\\\firebase-functions\\\\lib\\\\v1\\\\index.js\"}}"}}
[debug] [2023-09-18T13:33:09.752Z] [runtime-status] [19884] Resolved module firebase-functions {"declared":true,"installed":true,"version":"4.4.1","resolution":"C:\\Users\\saron\\OneDrive\\Desktop\\Evangadi\\Evangadi_Full Stack Web Dev\\Project_Phase\\amazon\\functions\\node_modules\\firebase-functions\\lib\\v1\\index.js"} {"metadata":{"emulator":{"name":"functions"},"function":{"name":"us-central1-api"},"extension":{},"message":"[runtime-status] [19884] Resolved module firebase-functions {\"declared\":true,\"installed\":true,\"version\":\"4.4.1\",\"resolution\":\"C:\\\\Users\\\\saron\\\\OneDrive\\\\Desktop\\\\Evangadi\\\\Evangadi_Full Stack Web Dev\\\\Project_Phase\\\\amazon\\\\functions\\\\node_modules\\\\firebase-functions\\\\lib\\\\v1\\\\index.js\"}"}}
[debug] [2023-09-18T13:33:09.753Z] [runtime-status] [19884] Resolved module firebase-admin {"declared":true,"installed":true,"version":"11.10.1","resolution":"C:\\Users\\saron\\OneDrive\\Desktop\\Evangadi\\Evangadi_Full Stack Web Dev\\Project_Phase\\amazon\\functions\\node_modules\\firebase-admin\\lib\\index.js"} {"metadata":{"emulator":{"name":"functions"},"function":{"name":"us-central1-api"},"extension":{},"message":"[runtime-status] [19884] Resolved module firebase-admin {\"declared\":true,\"installed\":true,\"version\":\"11.10.1\",\"resolution\":\"C:\\\\Users\\\\saron\\\\OneDrive\\\\Desktop\\\\Evangadi\\\\Evangadi_Full Stack Web Dev\\\\Project_Phase\\\\amazon\\\\functions\\\\node_modules\\\\firebase-admin\\\\lib\\\\index.js\"}"}}
[debug] [2023-09-18T13:33:09.758Z] [runtime-status] [19884] Resolved module firebase-functions {"declared":true,"installed":true,"version":"4.4.1","resolution":"C:\\Users\\saron\\OneDrive\\Desktop\\Evangadi\\Evangadi_Full Stack Web Dev\\Project_Phase\\amazon\\functions\\node_modules\\firebase-functions\\lib\\v1\\index.js"} {"metadata":{"emulator":{"name":"functions"},"function":{"name":"us-central1-api"},"extension":{},"message":"[runtime-status] [19884] Resolved module firebase-functions {\"declared\":true,\"installed\":true,\"version\":\"4.4.1\",\"resolution\":\"C:\\\\Users\\\\saron\\\\OneDrive\\\\Desktop\\\\Evangadi\\\\Evangadi_Full Stack Web Dev\\\\Project_Phase\\\\amazon\\\\functions\\\\node_modules\\\\firebase-functions\\\\lib\\\\v1\\\\index.js\"}"}}
[debug] [2023-09-18T13:33:09.758Z] [runtime-status] [19884] firebase-admin has been stubbed. {"adminResolution":{"declared":true,"installed":true,"version":"11.10.1","resolution":"C:\\Users\\saron\\OneDrive\\Desktop\\Evangadi\\Evangadi_Full Stack Web Dev\\Project_Phase\\amazon\\functions\\node_modules\\firebase-admin\\lib\\index.js"}} {"metadata":{"emulator":{"name":"functions"},"function":{"name":"us-central1-api"},"extension":{},"message":"[runtime-status] [19884] firebase-admin has been stubbed. {\"adminResolution\":{\"declared\":true,\"installed\":true,\"version\":\"11.10.1\",\"resolution\":\"C:\\\\Users\\\\saron\\\\OneDrive\\\\Desktop\\\\Evangadi\\\\Evangadi_Full Stack Web Dev\\\\Project_Phase\\\\amazon\\\\functions\\\\node_modules\\\\firebase-admin\\\\lib\\\\index.js\"}}"}}
[debug] [2023-09-18T13:33:09.928Z] [runtime-status] [19884] Functions runtime initialized. {"cwd":"C:\\Users\\saron\\OneDrive\\Desktop\\Evangadi\\Evangadi_Full Stack Web Dev\\Project_Phase\\amazon\\functions","node_version":"18.17.1"} {"metadata":{"emulator":{"name":"functions"},"function":{"name":"us-central1-api"},"extension":{},"message":"[runtime-status] [19884] Functions runtime initialized. {\"cwd\":\"C:\\\\Users\\\\saron\\\\OneDrive\\\\Desktop\\\\Evangadi\\\\Evangadi_Full Stack Web Dev\\\\Project_Phase\\\\amazon\\\\functions\",\"node_version\":\"18.17.1\"}"}}
[debug] [2023-09-18T13:33:09.929Z] [runtime-status] [19884] Listening to port: \\?\pipe\fire_emu_8fb956985a125bd2 {"metadata":{"emulator":{"name":"functions"},"function":{"name":"us-central1-api"},"extension":{},"message":"[runtime-status] [19884] Listening to port: \\\\?\\pipe\\fire_emu_8fb956985a125bd2"}}
[debug] [2023-09-18T13:33:09.997Z] [worker-us-central1-api-90b9cf43-d5fc-4454-a223-43e29255dc91]: IDLE {"metadata":{"emulator":{"name":"functions"},"function":{"name":"us-central1-api"},"extension":{},"message":"[worker-us-central1-api-90b9cf43-d5fc-4454-a223-43e29255dc91]: IDLE"}}
[debug] [2023-09-18T13:33:09.998Z] [worker-pool] submitRequest(triggerId=us-central1-api) {"metadata":{"emulator":{"name":"functions"},"message":"[worker-pool] submitRequest(triggerId=us-central1-api)"}}
[info] i  functions: Beginning execution of "us-central1-api" {"metadata":{"emulator":{"name":"functions"},"function":{"name":"us-central1-api"},"extension":{},"message":"Beginning execution of \"us-central1-api\""}}
[debug] [2023-09-18T13:33:09.999Z] [worker-us-central1-api-90b9cf43-d5fc-4454-a223-43e29255dc91]: BUSY {"metadata":{"emulator":{"name":"functions"},"function":{"name":"us-central1-api"},"extension":{},"message":"[worker-us-central1-api-90b9cf43-d5fc-4454-a223-43e29255dc91]: BUSY"}}
[info] >  Payment Request Received for this Amount >>> 6000 {"user":"Payment Request Received for this Amount >>> 6000","metadata":{"emulator":{"name":"functions"},"function":{"name":"us-central1-api"},"extension":{},"message":"\u001b[90m> \u001b[39m Payment Request Received for this Amount >>> 6000"}}
[debug] [2023-09-18T13:33:11.227Z] Finishing up request with event=pause {"metadata":{"emulator":{"name":"functions"},"function":{"name":"us-central1-api"},"extension":{},"message":"Finishing up request with event=pause"}}
[info] i  functions: Finished "us-central1-api" in 1229.2366ms {"metadata":{"emulator":{"name":"functions"},"function":{"name":"us-central1-api"},"extension":{},"message":"Finished \"us-central1-api\" in 1229.2366ms"}}
[debug] [2023-09-18T13:33:11.229Z] [worker-us-central1-api-90b9cf43-d5fc-4454-a223-43e29255dc91]: IDLE {"metadata":{"emulator":{"name":"functions"},"function":{"name":"us-central1-api"},"extension":{},"message":"[worker-us-central1-api-90b9cf43-d5fc-4454-a223-43e29255dc91]: IDLE"}}
[debug] [2023-09-18T13:33:11.230Z] Finishing up request with event=finish {"metadata":{"emulator":{"name":"functions"},"function":{"name":"us-central1-api"},"extension":{},"message":"Finishing up request with event=finish"}}
[debug] [2023-09-18T13:33:11.230Z] Finishing up request with event=close {"metadata":{"emulator":{"name":"functions"},"function":{"name":"us-central1-api"},"extension":{},"message":"Finishing up request with event=close"}}
[debug] [2023-09-18T13:33:11.230Z] [work-queue] {"queuedWork":[],"queueLength":0,"runningWork":[],"workRunningCount":0}
[debug] [2023-09-18T13:35:04.061Z] [work-queue] {"queuedWork":["/clone-e4159/us-central1/api/payments/create-2023-09-18T13:35:04.061Z"],"queueLength":1,"runningWork":[],"workRunningCount":0}
[debug] [2023-09-18T13:35:04.061Z] [work-queue] {"queuedWork":[],"queueLength":0,"runningWork":["/clone-e4159/us-central1/api/payments/create-2023-09-18T13:35:04.061Z"],"workRunningCount":1}
[debug] [2023-09-18T13:35:04.061Z] Accepted request POST /clone-e4159/us-central1/api/payments/create?total=6000 --> us-central1-api
[debug] [2023-09-18T13:35:04.065Z] [functions] Runtime ready! Sending request! {"metadata":{"emulator":{"name":"functions"},"message":"[functions] Runtime ready! Sending request!"}}
[debug] [2023-09-18T13:35:04.066Z] [functions] Got req.url=/clone-e4159/us-central1/api/payments/create?total=6000, mapping to path=/payments/create?total=6000 {"metadata":{"emulator":{"name":"functions"},"message":"[functions] Got req.url=/clone-e4159/us-central1/api/payments/create?total=6000, mapping to path=/payments/create?total=6000"}}
[debug] [2023-09-18T13:35:04.066Z] [worker-pool] submitRequest(triggerId=us-central1-api) {"metadata":{"emulator":{"name":"functions"},"message":"[worker-pool] submitRequest(triggerId=us-central1-api)"}}
[info] i  functions: Beginning execution of "us-central1-api" {"metadata":{"emulator":{"name":"functions"},"function":{"name":"us-central1-api"},"extension":{},"message":"Beginning execution of \"us-central1-api\""}}
[debug] [2023-09-18T13:35:04.066Z] [worker-us-central1-api-90b9cf43-d5fc-4454-a223-43e29255dc91]: BUSY {"metadata":{"emulator":{"name":"functions"},"function":{"name":"us-central1-api"},"extension":{},"message":"[worker-us-central1-api-90b9cf43-d5fc-4454-a223-43e29255dc91]: BUSY"}}
[info] >  Payment Request Received for this Amount >>> 6000 {"user":"Payment Request Received for this Amount >>> 6000","metadata":{"emulator":{"name":"functions"},"function":{"name":"us-central1-api"},"extension":{},"message":"\u001b[90m> \u001b[39m Payment Request Received for this Amount >>> 6000"}}
[debug] [2023-09-18T13:35:05.006Z] Finishing up request with event=pause {"metadata":{"emulator":{"name":"functions"},"function":{"name":"us-central1-api"},"extension":{},"message":"Finishing up request with event=pause"}}
[info] i  functions: Finished "us-central1-api" in 939.926ms {"metadata":{"emulator":{"name":"functions"},"function":{"name":"us-central1-api"},"extension":{},"message":"Finished \"us-central1-api\" in 939.926ms"}}
[debug] [2023-09-18T13:35:05.007Z] [worker-us-central1-api-90b9cf43-d5fc-4454-a223-43e29255dc91]: IDLE {"metadata":{"emulator":{"name":"functions"},"function":{"name":"us-central1-api"},"extension":{},"message":"[worker-us-central1-api-90b9cf43-d5fc-4454-a223-43e29255dc91]: IDLE"}}
[debug] [2023-09-18T13:35:05.008Z] Finishing up request with event=finish {"metadata":{"emulator":{"name":"functions"},"function":{"name":"us-central1-api"},"extension":{},"message":"Finishing up request with event=finish"}}
[debug] [2023-09-18T13:35:05.008Z] Finishing up request with event=close {"metadata":{"emulator":{"name":"functions"},"function":{"name":"us-central1-api"},"extension":{},"message":"Finishing up request with event=close"}}
[debug] [2023-09-18T13:35:05.008Z] [work-queue] {"queuedWork":[],"queueLength":0,"runningWork":[],"workRunningCount":0}
[debug] [2023-09-19T08:25:20.400Z] ----------------------------------------------------------------------
[debug] [2023-09-19T08:25:20.402Z] Command:       C:\Program Files\nodejs\node.exe C:\Users\saron\AppData\Roaming\npm\node_modules\firebase-tools\lib\bin\firebase.js init
[debug] [2023-09-19T08:25:20.402Z] CLI Version:   12.5.3
[debug] [2023-09-19T08:25:20.402Z] Platform:      win32
[debug] [2023-09-19T08:25:20.403Z] Node Version:  v18.17.1
[debug] [2023-09-19T08:25:20.416Z] Time:          Tue Sep 19 2023 11:25:20 GMT+0300 (East Africa Time)
[debug] [2023-09-19T08:25:20.416Z] ----------------------------------------------------------------------
[debug] 
[debug] [2023-09-19T08:25:20.420Z] >>> [apiv2][query] GET https://firebase-public.firebaseio.com/cli.json [none]
[debug] [2023-09-19T08:25:20.530Z] > command requires scopes: ["email","openid","https://www.googleapis.com/auth/cloudplatformprojects.readonly","https://www.googleapis.com/auth/firebase","https://www.googleapis.com/auth/cloud-platform"]
[debug] [2023-09-19T08:25:20.531Z] > authorizing via signed-in user (saronmeles4@gmail.com)
[info] 
     ######## #### ########  ######## ########     ###     ######  ########
     ##        ##  ##     ## ##       ##     ##  ##   ##  ##       ##
     ######    ##  ########  ######   ########  #########  ######  ######
     ##        ##  ##    ##  ##       ##     ## ##     ##       ## ##
     ##       #### ##     ## ######## ########  ##     ##  ######  ########

You're about to initialize a Firebase project in this directory:

  C:\Users\saron\OneDrive\Desktop\Evangadi\Evangadi_Full Stack Web Dev\Project_Phase\amazon

Before we get started, keep in mind:

  * You are initializing within an existing Firebase project directory

[debug] [2023-09-19T08:25:21.579Z] <<< [apiv2][status] GET https://firebase-public.firebaseio.com/cli.json 200
[debug] [2023-09-19T08:25:21.580Z] <<< [apiv2][body] GET https://firebase-public.firebaseio.com/cli.json {"cloudBuildErrorAfter":1594252800000,"cloudBuildWarnAfter":1590019200000,"defaultNode10After":1594252800000,"minVersion":"3.0.5","node8DeploysDisabledAfter":1613390400000,"node8RuntimeDisabledAfter":1615809600000,"node8WarnAfter":1600128000000}
